GROUP,PACKAGE,CLASS,INSTRUCTION_MISSED,INSTRUCTION_COVERED,BRANCH_MISSED,BRANCH_COVERED,LINE_MISSED,LINE_COVERED,COMPLEXITY_MISSED,COMPLEXITY_COVERED,METHOD_MISSED,METHOD_COVERED
ProGen,progen.kernel.evolution.operators,StandardCrossover,83,189,4,18,12,45,4,14,1,6
ProGen,progen.kernel.evolution.operators,SelectorSizeIncorrectValueException,20,0,0,0,2,0,1,0,1,0
ProGen,progen.kernel.evolution.operators,Reproduction,21,0,0,0,5,0,2,0,2,0
ProGen,progen.kernel.evolution.operators,OnePointCrossover,0,140,3,9,0,24,3,6,0,3
ProGen,progen.kernel.evolution.operators,TreeMutation,76,0,0,0,17,0,3,0,3,0
ProGen,progen.kernel.evolution.operators,PointMutation,149,0,16,0,28,0,11,0,3,0
ProGen,progen,ProGen,69,110,0,2,4,23,0,4,0,3
ProGen,progen,ProGenException,0,4,0,0,0,2,0,1,0,1
ProGen,progen.experimenter.property.condition,LoopCondition,0,32,0,4,0,8,0,4,0,2
ProGen,progen.experimenter.property.condition,LessEqualThanLoopCondition,0,24,0,4,0,5,0,4,0,2
ProGen,progen.experimenter.property.condition,GratherEqualThanLoopCondition,0,24,0,4,0,5,0,4,0,2
ProGen,progen.output,HistoricalData,118,58,8,4,16,18,11,5,5,5
ProGen,progen.kernel.population,UnknownUserProgramException,0,16,0,0,0,2,0,1,0,1
ProGen,progen.kernel.population,Individual,369,282,38,14,49,55,37,12,14,9
ProGen,progen.kernel.population,Population,77,181,10,6,16,36,10,9,4,7
ProGen,progen.roles.distributed,ClientDistributed,80,0,0,0,23,0,4,0,4,0
ProGen,progen.roles.distributed,DispatcherDistributed,45,8,0,0,19,3,7,1,7,1
ProGen,progen.roles.distributed,ProGenDistributedException,0,41,0,0,0,6,0,3,0,3
ProGen,progen.roles.distributed,DispatcherServer,143,32,2,0,38,11,9,2,8,2
ProGen,progen.roles.distributed,WorkerDistributed,23,3,0,0,10,1,5,1,5,1
ProGen,progen.roles.distributed,DistributedFactory.new Object() {...},3,23,0,0,0,1,0,1,0,1
ProGen,progen.roles.distributed,DistributedFactory,31,77,2,2,8,25,3,6,1,5
ProGen,progen.userprogram,UserProgram,85,0,0,0,17,0,4,0,4,0
ProGen,progen.experimenter,MultipleExperimenter,359,0,38,0,84,0,29,0,10,0
ProGen,progen.experimenter,SimpleExperimenter,42,0,0,0,16,0,7,0,7,0
ProGen,progen.experimenter,OutputFilenameFilter,7,0,0,0,2,0,2,0,2,0
ProGen,progen.experimenter,ExperimenterFactory,24,0,2,0,8,0,3,0,2,0
ProGen,progen.experimenter,Experimenter,373,0,34,0,74,0,25,0,8,0
ProGen,progen.output.outputers,BestIndividualFile,106,0,4,0,17,0,4,0,2,0
ProGen,progen.output.outputers,StandardConsole,2247,0,32,0,222,0,44,0,28,0
ProGen,progen.output.outputers,UnknowOutputerException,16,0,0,0,2,0,1,0,1,0
ProGen,progen.output.outputers,WorstIndividualFile,90,0,6,0,15,0,6,0,3,0
ProGen,progen.output.outputers,OutputStore,110,0,8,0,27,0,9,0,5,0
ProGen,progen.output.outputers,NullOutputer,6,0,0,0,4,0,4,0,4,0
ProGen,progen.output.outputers,StandardFile,2495,0,40,0,224,0,44,0,24,0
ProGen,progen.output.outputers,ConsoleOutput,13,0,0,0,6,0,4,0,4,0
ProGen,progen.output.outputers,FileOutput,77,0,0,0,22,0,5,0,5,0
ProGen,progen.output.outputers,Formatter,162,133,12,8,29,19,12,6,5,3
ProGen,progen.output.plugins,UnknownPluginException,17,0,0,0,2,0,1,0,1,0
ProGen,progen.output.plugins,BreedingTime,4,0,0,0,2,0,1,0,1,0
ProGen,progen.output.plugins,Mean,18,38,2,0,7,11,5,5,4,5
ProGen,progen.output.plugins,TimePlugin,228,0,24,0,51,0,23,0,11,0
ProGen,progen.output.plugins,EvaluationTime,4,0,0,0,2,0,1,0,1,0
ProGen,progen.output.plugins,Best,19,24,2,4,8,8,6,6,5,4
ProGen,progen.output.plugins,PluginsDepences,9,0,0,0,2,0,2,0,2,0
ProGen,progen.output.plugins,Variance,43,73,6,4,13,16,9,5,5,4
ProGen,progen.output.plugins,Total,44,0,2,0,16,0,10,0,9,0
ProGen,progen.output.plugins,StatisticalPlugin,92,138,10,16,21,31,12,12,5,6
ProGen,progen.output.plugins,Worst,19,24,2,4,8,8,6,6,5,4
ProGen,progen.output.plugins,Median,18,41,3,1,7,13,6,5,4,5
ProGen,progen.output.plugins,NullPlugin,15,0,0,0,9,0,9,0,9,0
ProGen,progen.output.plugins,IndividualMeanPlugin,308,0,12,0,37,0,15,0,9,0
ProGen,progen.kernel.grammar.validations,InaccesibleProductions,43,78,8,8,11,23,7,5,1,3
ProGen,progen.kernel.grammar.validations,GrammarNonTerminalSymbolProduction,6,30,2,4,1,7,2,3,0,2
ProGen,progen.kernel.grammar.validations,SuperfluousProductions,8,116,4,16,2,27,4,9,0,3
ProGen,progen.kernel.grammar.validations,GrammarCheck,0,25,0,0,0,7,0,2,0,2
ProGen,progen.roles,Role,3,54,0,0,1,7,1,4,1,4
ProGen,progen.roles,ProGenFactory,18,61,0,2,6,14,0,4,0,3
ProGen,progen.roles,UnknownRoleImplementationException,0,16,0,0,0,2,0,1,0,1
ProGen,progen.roles,UnknownRoleException,0,16,0,0,0,2,0,1,0,1
ProGen,progen.roles,FactoryNotFoundException,0,16,0,0,0,2,0,1,0,1
ProGen,progen.output.dataCollectors,UnknownDataCollectorException,17,0,0,0,2,0,1,0,1,0
ProGen,progen.output.dataCollectors,DataCollector,90,132,12,10,22,29,12,8,4,5
ProGen,progen.kernel.grammar,GrammarNonTerminalSymbol,5,39,2,2,1,12,3,6,1,6
ProGen,progen.kernel.grammar,GrammarTerminalSymbol,15,35,1,3,4,10,5,6,4,5
ProGen,progen.kernel.grammar,Production,124,114,16,12,24,23,15,10,5,6
ProGen,progen.kernel.grammar,Grammar,200,276,23,19,35,59,22,16,6,11
ProGen,progen.kernel.grammar,DuplicatedFunctionException,0,14,0,0,0,2,0,1,0,1
ProGen,progen.kernel.grammar,UndefinedFunctionSetException,4,0,0,0,2,0,1,0,1,0
ProGen,progen.kernel.grammar,GrammarNotValidException,0,10,0,0,0,4,0,2,0,2
ProGen,progen.kernel.grammar,FunctionNotFoundException,0,16,0,0,0,2,0,1,0,1
ProGen,progen.context,DuplicatedPropertyException,0,23,0,0,0,4,0,2,0,2
ProGen,progen.context,UninitializedContextException,0,6,0,0,0,2,0,1,0,1
ProGen,progen.context,ProGenContext,177,562,19,41,37,152,14,49,2,31
ProGen,progen.context,UnknownPropertyException,0,16,0,0,0,2,0,1,0,1
ProGen,progen.context,MissingContextFileException,0,23,0,0,0,4,0,2,0,2
ProGen,progen.context,UndefinedMandatoryPropertyException,0,17,0,0,0,2,0,1,0,1
ProGen,progen.context,MalformedParameterException,0,17,0,0,0,2,0,1,0,1
ProGen,progen.context,MalformedPercentSuboptionException,0,17,0,0,0,2,0,1,0,1
ProGen,progen.experimenter.property,LoopProperty,66,184,0,8,8,29,1,10,1,6
ProGen,progen.experimenter.property,IlegalPropertySeparatorException,0,16,0,0,0,2,0,1,0,1
ProGen,progen.experimenter.property,EnumerationProperty,52,93,2,8,5,18,2,10,1,6
ProGen,progen.experimenter.property,PropertyFactory,3,32,0,4,2,8,1,3,1,1
ProGen,progen.kernel.functions,BitAnd,0,30,0,0,0,5,0,2,0,2
ProGen,progen.kernel.functions,IntGratherThan,0,33,0,2,0,5,0,3,0,2
ProGen,progen.kernel.functions,DoublePow,0,30,0,0,0,5,0,2,0,2
ProGen,progen.kernel.functions,DoubleGratherThan,0,34,0,2,0,5,0,3,0,2
ProGen,progen.kernel.functions,Function,13,199,0,12,2,47,0,21,0,15
ProGen,progen.kernel.functions,ShiftUnsignedRight,0,30,0,0,0,5,0,2,0,2
ProGen,progen.kernel.functions,IntEquals,0,33,0,2,0,5,0,3,0,2
ProGen,progen.kernel.functions,AndInconditional,0,30,0,0,0,5,0,2,0,2
ProGen,progen.kernel.functions,Not,0,20,0,2,0,3,0,3,0,2
ProGen,progen.kernel.functions,ADF,37,15,2,0,5,2,3,1,2,1
ProGen,progen.kernel.functions,IntNotEquals,0,33,0,2,0,5,0,3,0,2
ProGen,progen.kernel.functions,NullFunction,0,8,0,0,0,4,0,3,0,3
ProGen,progen.kernel.functions,DoubleNotEquals,0,40,0,2,0,5,0,3,0,2
ProGen,progen.kernel.functions,ARG,34,0,0,0,4,0,2,0,2,0
ProGen,progen.kernel.functions,DoubleMinus,0,30,0,0,0,5,0,2,0,2
ProGen,progen.kernel.functions,BitVrotd,0,20,0,0,0,4,0,2,0,2
ProGen,progen.kernel.functions,IntM,0,5,0,0,0,2,0,1,0,1
ProGen,progen.kernel.functions,OrInconditional,0,30,0,0,0,5,0,2,0,2
ProGen,progen.kernel.functions,ERC01,4,11,0,0,1,4,1,3,1,3
ProGen,progen.kernel.functions,IntN,0,5,0,0,0,2,0,1,0,1
ProGen,progen.kernel.functions,False,0,9,0,0,0,4,0,2,0,2
ProGen,progen.kernel.functions,IntLessEqualsThan,0,33,0,2,0,5,0,3,0,2
ProGen,progen.kernel.functions,Bit32ERC,27,0,0,0,5,0,4,0,4,0
ProGen,progen.kernel.functions,DoubleLessThan,0,34,0,2,0,5,0,3,0,2
ProGen,progen.kernel.functions,DoubleGratherEqualsThan,0,34,0,2,0,5,0,3,0,2
ProGen,progen.kernel.functions,DoubleDiv,0,41,0,2,0,8,0,3,0,2
ProGen,progen.kernel.functions,IntMult,0,30,0,0,0,5,0,2,0,2
ProGen,progen.kernel.functions,IntLessThan,0,33,0,2,0,5,0,3,0,2
ProGen,progen.kernel.functions,Or,0,34,0,4,0,5,0,4,0,2
ProGen,progen.kernel.functions,DoubleMult,0,30,0,0,0,5,0,2,0,2
ProGen,progen.kernel.functions,BitOr,0,30,0,0,0,5,0,2,0,2
ProGen,progen.kernel.functions,ShiftSignedLeft,0,30,0,0,0,5,0,2,0,2
ProGen,progen.kernel.functions,True,0,8,0,0,0,3,0,1,0,1
ProGen,progen.kernel.functions,XOr,0,30,0,0,0,5,0,2,0,2
ProGen,progen.kernel.functions,IntPow,0,32,0,0,0,5,0,2,0,2
ProGen,progen.kernel.functions,ERC,3,14,0,0,1,5,1,2,1,2
ProGen,progen.kernel.functions,ShiftSignedRight,0,30,0,0,0,5,0,2,0,2
ProGen,progen.kernel.functions,IntPlus,0,30,0,0,0,5,0,2,0,2
ProGen,progen.kernel.functions,BitXor,0,30,0,0,0,5,0,2,0,2
ProGen,progen.kernel.functions,DoublePlus,0,30,0,0,0,5,0,2,0,2
ProGen,progen.kernel.functions,DoubleY,0,5,0,0,0,2,0,1,0,1
ProGen,progen.kernel.functions,DoubleLessEqualsThan,0,34,0,2,0,5,0,3,0,2
ProGen,progen.kernel.functions,BitMult,0,56,0,4,0,11,0,4,0,2
ProGen,progen.kernel.functions,IntDiv,0,40,0,2,0,8,0,3,0,2
ProGen,progen.kernel.functions,IntGratherEqualsThan,0,33,0,2,0,5,0,3,0,2
ProGen,progen.kernel.functions,DoubleX,0,5,0,0,0,2,0,1,0,1
ProGen,progen.kernel.functions,IntMinus,0,30,0,0,0,5,0,2,0,2
ProGen,progen.kernel.functions,DoubleEquals,0,40,0,2,0,5,0,3,0,2
ProGen,progen.kernel.functions,NonTerminal,27,5,6,0,8,2,5,1,2,1
ProGen,progen.kernel.functions,And,0,34,0,4,0,5,0,4,0,2
ProGen,progen.kernel.functions,Terminal,0,18,0,0,0,7,0,4,0,4
ProGen,progen.roles.standalone,CalculateThread,84,0,2,0,18,0,5,0,4,0
ProGen,progen.roles.standalone,StandaloneFactory.new Object() {...},26,0,0,0,1,0,1,0,1,0
ProGen,progen.roles.standalone,DispatcherLocal,24,11,0,0,8,4,6,1,6,1
ProGen,progen.roles.standalone,WorkerLocal,17,3,0,0,7,1,5,1,5,1
ProGen,progen.roles.standalone,StandaloneFactory,46,52,4,0,14,15,4,5,1,5
ProGen,progen.roles.standalone,ClientLocal,243,0,14,0,62,0,16,0,9,0
ProGen,progen.kernel.error,Info,40,0,0,0,9,0,5,0,5,0
ProGen,progen.kernel.error,Error,0,81,1,5,0,23,1,7,0,5
ProGen,progen.kernel.error,Warning,45,0,0,0,8,0,4,0,4,0
ProGen,progen.kernel.hypergp,WildCard,25,0,0,0,8,0,3,0,3,0
ProGen,progen.kernel.hypergp,HGPGrammar,100,0,10,0,20,0,8,0,3,0
ProGen,progen.kernel.evolution.selector,Selector,12,30,0,0,4,9,0,3,0,3
ProGen,progen.kernel.evolution.selector,Tournament,0,111,0,8,0,26,0,8,0,4
ProGen,progen.kernel.evolution.selector,UnknownSelectorException,0,17,0,0,0,2,0,1,0,1
ProGen,progen.kernel.evolution.selector,TournamentSizeMandatoryException,0,6,0,0,0,2,0,1,0,1
ProGen,progen.kernel.evolution.selector,RandomSelector,0,29,0,2,0,5,0,3,0,2
ProGen,progen.kernel.evolution.selector,TournamentSizeException,0,6,0,0,0,2,0,1,0,1
ProGen,progen.kernel.evolution.selector,NullSelector,0,8,0,0,0,2,0,2,0,2
ProGen,progen.kernel.evolution.selector,Roulette,76,0,10,0,17,0,7,0,2,0
ProGen,progen.kernel.evolution,UndefinedGenneticOperatorException,17,0,0,0,2,0,1,0,1,0
ProGen,progen.kernel.evolution,Elitism,71,0,6,0,14,0,5,0,2,0
ProGen,progen.kernel.evolution,GenneticOperator,7,20,0,0,3,7,2,3,2,3
ProGen,progen.kernel.evolution,GenneticOperatorException,0,17,0,0,0,2,0,1,0,1
ProGen,progen.kernel.evolution,GenneticFactory,195,0,8,0,37,0,8,0,4,0
ProGen,progen.kernel.evolution,BadConfigurationGenneticOperatorsException,0,19,0,0,0,2,0,1,0,1
ProGen,progen.kernel.tree,HalfAndHalf,26,50,1,3,10,11,4,3,3,2
ProGen,progen.kernel.tree,Grow,21,193,0,32,6,41,3,20,3,4
ProGen,progen.kernel.tree,IncompatibleOptionsInitTreeMethodException,0,24,0,0,0,2,0,1,0,1
ProGen,progen.kernel.tree,Tree,43,74,4,4,9,21,7,6,3,6
ProGen,progen.kernel.tree,Full,48,258,2,38,10,56,6,27,4,9
ProGen,progen.kernel.tree,Node,9,479,2,38,2,105,2,42,0,24
